<?xml version="1.0" encoding="UTF-8"?>
<!-- Generated by org.testng.reporters.JUnitXMLReporter -->
<testsuite ignored="0" hostname="LAPTOP-7FB3PP7D" failures="0" tests="6" name="Default test" time="0.47" errors="0" timestamp="2021-12-06T11:19:52 IST">
  <testcase classname="DDT.practice.ReadDataFromExcelThroughDataProvider" name="ExcelThroughDataProvider" time="0.005"/>
  <testcase classname="DDT.practice.ReadDataFromExcelThroughDataProvider" name="ExcelThroughDataProvider" time="0.001"/>
  <testcase classname="DDT.practice.ReadDataFromExcelThroughDataProvider" name="ExcelThroughDataProvider" time="0.001"/>
  <testcase classname="DDT.practice.ReadDataFromExcelThroughDataProvider" name="ExcelThroughDataProvider" time="0.001"/>
  <testcase classname="DDT.practice.ReadDataFromExcelThroughDataProvider" name="ExcelThroughDataProvider" time="0.002"/>
  <testcase classname="DDT.practice.ReadDataFromExcelThroughDataProvider" name="ExcelThroughDataProvider" time="0.0"/>
</testsuite> <!-- Default test -->
