<?xml version="1.0" encoding="UTF-8"?>
<testng-results ignored="0" total="6" passed="6" failed="0" skipped="0">
  <reporter-output>
  </reporter-output>
  <suite started-at="2021-12-06T11:19:52 IST" name="Default suite" finished-at="2021-12-06T11:19:52 IST" duration-ms="470">
    <groups>
    </groups>
    <test started-at="2021-12-06T11:19:52 IST" name="Default test" finished-at="2021-12-06T11:19:52 IST" duration-ms="470">
      <class name="DDT.practice.ReadDataFromExcelThroughDataProvider">
        <test-method signature="ExcelThroughDataProvider(java.lang.String)[pri:0, instance:DDT.practice.ReadDataFromExcelThroughDataProvider@49c7b90e]" started-at="2021-12-06T11:19:52 IST" name="ExcelThroughDataProvider" data-provider="readDataFromExcelThroughDataProvider" finished-at="2021-12-06T11:19:52 IST" duration-ms="5" status="PASS">
          <params>
            <param index="0">
              <value>
                <![CDATA[Akshay]]>
              </value>
            </param>
          </params>
          <reporter-output>
          </reporter-output>
        </test-method> <!-- ExcelThroughDataProvider -->
        <test-method signature="ExcelThroughDataProvider(java.lang.String)[pri:0, instance:DDT.practice.ReadDataFromExcelThroughDataProvider@49c7b90e]" started-at="2021-12-06T11:19:52 IST" name="ExcelThroughDataProvider" data-provider="readDataFromExcelThroughDataProvider" finished-at="2021-12-06T11:19:52 IST" duration-ms="1" status="PASS">
          <params>
            <param index="0">
              <value>
                <![CDATA[Chetna]]>
              </value>
            </param>
          </params>
          <reporter-output>
          </reporter-output>
        </test-method> <!-- ExcelThroughDataProvider -->
        <test-method signature="ExcelThroughDataProvider(java.lang.String)[pri:0, instance:DDT.practice.ReadDataFromExcelThroughDataProvider@49c7b90e]" started-at="2021-12-06T11:19:52 IST" name="ExcelThroughDataProvider" data-provider="readDataFromExcelThroughDataProvider" finished-at="2021-12-06T11:19:52 IST" duration-ms="1" status="PASS">
          <params>
            <param index="0">
              <value>
                <![CDATA[Mouli]]>
              </value>
            </param>
          </params>
          <reporter-output>
          </reporter-output>
        </test-method> <!-- ExcelThroughDataProvider -->
        <test-method signature="ExcelThroughDataProvider(java.lang.String)[pri:0, instance:DDT.practice.ReadDataFromExcelThroughDataProvider@49c7b90e]" started-at="2021-12-06T11:19:52 IST" name="ExcelThroughDataProvider" data-provider="readDataFromExcelThroughDataProvider" finished-at="2021-12-06T11:19:52 IST" duration-ms="1" status="PASS">
          <params>
            <param index="0">
              <value>
                <![CDATA[Nooru]]>
              </value>
            </param>
          </params>
          <reporter-output>
          </reporter-output>
        </test-method> <!-- ExcelThroughDataProvider -->
        <test-method signature="ExcelThroughDataProvider(java.lang.String)[pri:0, instance:DDT.practice.ReadDataFromExcelThroughDataProvider@49c7b90e]" started-at="2021-12-06T11:19:52 IST" name="ExcelThroughDataProvider" data-provider="readDataFromExcelThroughDataProvider" finished-at="2021-12-06T11:19:52 IST" duration-ms="2" status="PASS">
          <params>
            <param index="0">
              <value>
                <![CDATA[Akhil]]>
              </value>
            </param>
          </params>
          <reporter-output>
          </reporter-output>
        </test-method> <!-- ExcelThroughDataProvider -->
        <test-method signature="ExcelThroughDataProvider(java.lang.String)[pri:0, instance:DDT.practice.ReadDataFromExcelThroughDataProvider@49c7b90e]" started-at="2021-12-06T11:19:52 IST" name="ExcelThroughDataProvider" data-provider="readDataFromExcelThroughDataProvider" finished-at="2021-12-06T11:19:52 IST" duration-ms="0" status="PASS">
          <params>
            <param index="0">
              <value>
                <![CDATA[Valli]]>
              </value>
            </param>
          </params>
          <reporter-output>
          </reporter-output>
        </test-method> <!-- ExcelThroughDataProvider -->
      </class> <!-- DDT.practice.ReadDataFromExcelThroughDataProvider -->
    </test> <!-- Default test -->
  </suite> <!-- Default suite -->
</testng-results>
